2022-09-22 09:11:52,625 [INFO] Activator:177 - 


2022-09-22 09:11:52,627 [INFO] Activator:178 - !SESSION log4j initialized
2022-09-22 09:12:07,503 [INFO] McuFinderGlobals:39 - Set McuFinder mode to 2 (CubeIDE integrated)
2022-09-22 09:12:09,292 [INFO] ApplicationProperties:181 - Using Application install path: C:\ST\STM32CubeIDE_1.7.0\STM32CubeIDE\plugins\com.st.stm32cube.common.mx_6.3.0.202107141111
2022-09-22 09:12:09,309 [INFO] DbMcusXml:74 - Set database path to: C:\ST\STM32CubeIDE_1.7.0\STM32CubeIDE\plugins\com.st.stm32cube.common.mx_6.3.0.202107141111\\db\/mcu/
2022-09-22 09:12:09,315 [INFO] DbBoardsPdsc:56 - Set plugin database path to: C:\ST\STM32CubeIDE_1.7.0\STM32CubeIDE\plugins\com.st.stm32cube.common.mx_6.3.0.202107141111\\db\/plugins/boardmanager/
2022-09-22 09:12:09,315 [INFO] DbMcus:258 - Set plugin images path to: C:\ST\STM32CubeIDE_1.7.0\STM32CubeIDE\plugins\com.st.stm32cube.common.mx_6.3.0.202107141111\\db\/plugins/mcufinder/images/
2022-09-22 09:12:09,316 [INFO] DbBoards:264 - Set plugin images path to: C:\ST\STM32CubeIDE_1.7.0\STM32CubeIDE\plugins\com.st.stm32cube.common.mx_6.3.0.202107141111\\db\/plugins/mcufinder/images/
2022-09-22 09:12:09,319 [INFO] DbExamples:333 - Set plugin images path to: C:\ST\STM32CubeIDE_1.7.0\STM32CubeIDE\plugins\com.st.stm32cube.common.mx_6.3.0.202107141111\\db\/plugins/mcufinder/images/
2022-09-22 09:12:09,326 [INFO] DbMcusAds:119 - Set database path to: C:\Users\HP\.stmcufinder\plugins\mcufinder//mcu/
2022-09-22 09:12:09,328 [INFO] DbMcusDocs:110 - Set database path to: C:\Users\HP\.stmcufinder\plugins\mcufinder//mcu/
2022-09-22 09:12:09,331 [INFO] DbMcusJson:64 - Set database path to: C:\Users\HP\.stmcufinder\plugins\mcufinder//mcu/
2022-09-22 09:12:09,333 [INFO] DbBoardsDocs:110 - Set database path to: C:\Users\HP\.stmcufinder\plugins\mcufinder//mcu/
2022-09-22 09:12:09,334 [INFO] DbBoardsJson:57 - Set database path to: C:\Users\HP\.stmcufinder\plugins\mcufinder//mcu/
2022-09-22 09:12:09,338 [INFO] CrossReferenceDbSqlite:196 - Set database path to: C:\Users\HP\.stmcufinder\plugins\mcufinder//mcu/cs/
2022-09-22 09:12:09,342 [INFO] DbExamplesSqlite:767 - Set database path to: C:\Users\HP\.stmcufinder\plugins\mcufinder//mcu/
2022-09-22 09:12:09,441 [INFO] RulesReader:57 - Compatibility file has been processed (242 Rules)
2022-09-22 09:12:09,574 [INFO] DbMcusXml:74 - Set database path to: C:\ST\STM32CubeIDE_1.7.0\STM32CubeIDE\plugins\com.st.stm32cube.common.mx_6.3.0.202107141111\\db\/mcu/
2022-09-22 09:12:09,576 [INFO] DbBoardsPdsc:56 - Set plugin database path to: C:\ST\STM32CubeIDE_1.7.0\STM32CubeIDE\plugins\com.st.stm32cube.common.mx_6.3.0.202107141111\\db\/plugins/boardmanager/
2022-09-22 09:12:09,576 [INFO] DbMcus:258 - Set plugin images path to: C:\ST\STM32CubeIDE_1.7.0\STM32CubeIDE\plugins\com.st.stm32cube.common.mx_6.3.0.202107141111\\db\/plugins/mcufinder/images/
2022-09-22 09:12:09,576 [INFO] DbBoards:264 - Set plugin images path to: C:\ST\STM32CubeIDE_1.7.0\STM32CubeIDE\plugins\com.st.stm32cube.common.mx_6.3.0.202107141111\\db\/plugins/mcufinder/images/
2022-09-22 09:12:09,576 [INFO] DbExamples:333 - Set plugin images path to: C:\ST\STM32CubeIDE_1.7.0\STM32CubeIDE\plugins\com.st.stm32cube.common.mx_6.3.0.202107141111\\db\/plugins/mcufinder/images/
2022-09-22 09:12:09,576 [WARN] DbFile:35 - Overriding database path with different value: C:\Users\HP\.stmcufinder\plugins\mcufinder/ => C:\Users\HP\.stmcufinder\plugins\mcufinder
2022-09-22 09:12:09,577 [INFO] DbMcusAds:119 - Set database path to: C:\Users\HP\.stmcufinder\plugins\mcufinder//mcu/
2022-09-22 09:12:09,577 [WARN] DbFile:35 - Overriding database path with different value: C:\Users\HP\.stmcufinder\plugins\mcufinder/ => C:\Users\HP\.stmcufinder\plugins\mcufinder
2022-09-22 09:12:09,577 [INFO] DbMcusDocs:110 - Set database path to: C:\Users\HP\.stmcufinder\plugins\mcufinder//mcu/
2022-09-22 09:12:09,577 [WARN] DbFile:35 - Overriding database path with different value: C:\Users\HP\.stmcufinder\plugins\mcufinder/ => C:\Users\HP\.stmcufinder\plugins\mcufinder
2022-09-22 09:12:09,577 [INFO] DbMcusJson:64 - Set database path to: C:\Users\HP\.stmcufinder\plugins\mcufinder//mcu/
2022-09-22 09:12:09,577 [WARN] DbFile:35 - Overriding database path with different value: C:\Users\HP\.stmcufinder\plugins\mcufinder/ => C:\Users\HP\.stmcufinder\plugins\mcufinder
2022-09-22 09:12:09,577 [INFO] DbBoardsDocs:110 - Set database path to: C:\Users\HP\.stmcufinder\plugins\mcufinder//mcu/
2022-09-22 09:12:09,577 [WARN] DbFile:35 - Overriding database path with different value: C:\Users\HP\.stmcufinder\plugins\mcufinder/ => C:\Users\HP\.stmcufinder\plugins\mcufinder
2022-09-22 09:12:09,578 [INFO] DbBoardsJson:57 - Set database path to: C:\Users\HP\.stmcufinder\plugins\mcufinder//mcu/
2022-09-22 09:12:09,578 [WARN] DbFile:35 - Overriding database path with different value: C:\Users\HP\.stmcufinder\plugins\mcufinder/ => C:\Users\HP\.stmcufinder\plugins\mcufinder
2022-09-22 09:12:09,578 [WARN] DbFile:35 - Overriding database path with different value: C:\Users\HP\.stmcufinder\plugins\mcufinder/ => C:\Users\HP\.stmcufinder\plugins\mcufinder
2022-09-22 09:12:09,578 [INFO] CrossReferenceDbSqlite:196 - Set database path to: C:\Users\HP\.stmcufinder\plugins\mcufinder//mcu/cs/
2022-09-22 09:12:09,578 [WARN] DbFile:35 - Overriding database path with different value: C:\Users\HP\.stmcufinder\plugins\mcufinder/ => C:\Users\HP\.stmcufinder\plugins\mcufinder
2022-09-22 09:12:09,578 [INFO] DbExamplesSqlite:767 - Set database path to: C:\Users\HP\.stmcufinder\plugins\mcufinder//mcu/
2022-09-22 09:12:09,670 [INFO] MainPanel:214 - HeapMemory: 268435456
2022-09-22 09:12:09,768 [INFO] DbMcusXml:74 - Set database path to: C:\ST\STM32CubeIDE_1.7.0\STM32CubeIDE\plugins\com.st.stm32cube.common.mx_6.3.0.202107141111\\db\/mcu/
2022-09-22 09:12:09,768 [INFO] DbBoardsPdsc:56 - Set plugin database path to: C:\ST\STM32CubeIDE_1.7.0\STM32CubeIDE\plugins\com.st.stm32cube.common.mx_6.3.0.202107141111\\db\/plugins/boardmanager/
2022-09-22 09:12:09,768 [INFO] DbMcus:258 - Set plugin images path to: C:\ST\STM32CubeIDE_1.7.0\STM32CubeIDE\plugins\com.st.stm32cube.common.mx_6.3.0.202107141111\\db\/plugins/mcufinder/images/
2022-09-22 09:12:09,768 [INFO] DbBoards:264 - Set plugin images path to: C:\ST\STM32CubeIDE_1.7.0\STM32CubeIDE\plugins\com.st.stm32cube.common.mx_6.3.0.202107141111\\db\/plugins/mcufinder/images/
2022-09-22 09:12:09,769 [INFO] DbExamples:333 - Set plugin images path to: C:\ST\STM32CubeIDE_1.7.0\STM32CubeIDE\plugins\com.st.stm32cube.common.mx_6.3.0.202107141111\\db\/plugins/mcufinder/images/
2022-09-22 09:12:09,769 [WARN] DbFile:35 - Overriding database path with different value: C:\Users\HP\.stmcufinder\plugins\mcufinder/ => C:\Users\HP\.stmcufinder\plugins\mcufinder
2022-09-22 09:12:09,770 [INFO] DbMcusAds:119 - Set database path to: C:\Users\HP\.stmcufinder\plugins\mcufinder//mcu/
2022-09-22 09:12:09,770 [WARN] DbFile:35 - Overriding database path with different value: C:\Users\HP\.stmcufinder\plugins\mcufinder/ => C:\Users\HP\.stmcufinder\plugins\mcufinder
2022-09-22 09:12:09,770 [INFO] DbMcusDocs:110 - Set database path to: C:\Users\HP\.stmcufinder\plugins\mcufinder//mcu/
2022-09-22 09:12:09,770 [WARN] DbFile:35 - Overriding database path with different value: C:\Users\HP\.stmcufinder\plugins\mcufinder/ => C:\Users\HP\.stmcufinder\plugins\mcufinder
2022-09-22 09:12:09,770 [INFO] DbMcusJson:64 - Set database path to: C:\Users\HP\.stmcufinder\plugins\mcufinder//mcu/
2022-09-22 09:12:09,770 [WARN] DbFile:35 - Overriding database path with different value: C:\Users\HP\.stmcufinder\plugins\mcufinder/ => C:\Users\HP\.stmcufinder\plugins\mcufinder
2022-09-22 09:12:09,770 [INFO] DbBoardsDocs:110 - Set database path to: C:\Users\HP\.stmcufinder\plugins\mcufinder//mcu/
2022-09-22 09:12:09,770 [WARN] DbFile:35 - Overriding database path with different value: C:\Users\HP\.stmcufinder\plugins\mcufinder/ => C:\Users\HP\.stmcufinder\plugins\mcufinder
2022-09-22 09:12:09,770 [INFO] DbBoardsJson:57 - Set database path to: C:\Users\HP\.stmcufinder\plugins\mcufinder//mcu/
2022-09-22 09:12:09,770 [WARN] DbFile:35 - Overriding database path with different value: C:\Users\HP\.stmcufinder\plugins\mcufinder/ => C:\Users\HP\.stmcufinder\plugins\mcufinder
2022-09-22 09:12:09,771 [WARN] DbFile:35 - Overriding database path with different value: C:\Users\HP\.stmcufinder\plugins\mcufinder/ => C:\Users\HP\.stmcufinder\plugins\mcufinder
2022-09-22 09:12:09,771 [INFO] CrossReferenceDbSqlite:196 - Set database path to: C:\Users\HP\.stmcufinder\plugins\mcufinder//mcu/cs/
2022-09-22 09:12:09,771 [WARN] DbFile:35 - Overriding database path with different value: C:\Users\HP\.stmcufinder\plugins\mcufinder/ => C:\Users\HP\.stmcufinder\plugins\mcufinder
2022-09-22 09:12:09,771 [INFO] DbExamplesSqlite:767 - Set database path to: C:\Users\HP\.stmcufinder\plugins\mcufinder//mcu/
2022-09-22 09:12:09,797 [INFO] ApplicationProperties:181 - Using Application install path: C:\ST\STM32CubeIDE_1.7.0\STM32CubeIDE\plugins\com.st.stm32cube.common.mx_6.3.0.202107141111
2022-09-22 09:12:09,798 [INFO] PluginManage:188 - Search for loadable plugins [exclusion list=, ]
2022-09-22 09:12:09,800 [INFO] PluginManage:302 - Check plugin analytics
2022-09-22 09:12:15,121 [INFO] AnalyticsPlugin:257 - Accepted Software Licenses: 
2022-09-22 09:12:15,122 [INFO] AnalyticsPlugin:259 - Accepted CMSIS Pack Licenses: 
2022-09-22 09:12:15,123 [INFO] AnalyticsPlugin:261 - Accepted Firmware Licenses: 
2022-09-22 09:12:15,123 [INFO] PluginManage:352 - Loaded plugin analytics (category:tool,tabindex:-1)
2022-09-22 09:12:15,124 [INFO] PluginManage:302 - Check plugin clock
2022-09-22 09:12:15,143 [INFO] PluginManage:352 - Loaded plugin clock (category:base,tabindex:2)
2022-09-22 09:12:15,144 [INFO] PluginManage:302 - Check plugin ddr
2022-09-22 09:12:15,146 [INFO] PluginManage:352 - Loaded plugin ddr (category:tool,tabindex:6)
2022-09-22 09:12:15,147 [INFO] PluginManage:302 - Check plugin filemanager
2022-09-22 09:12:15,289 [INFO] PluginManage:352 - Loaded plugin filemanager (category:base,tabindex:10)
2022-09-22 09:12:15,289 [INFO] PluginManage:302 - Check plugin ipmanager
2022-09-22 09:12:15,303 [INFO] PluginManage:352 - Loaded plugin ipmanager (category:base,tabindex:5)
2022-09-22 09:12:15,303 [INFO] PluginManage:302 - Check plugin pinoutandconfiguration
2022-09-22 09:12:15,314 [INFO] PluginManage:352 - Loaded plugin pinoutandconfiguration (category:base,tabindex:1)
2022-09-22 09:12:15,314 [INFO] PluginManage:302 - Check plugin pinoutconfig
2022-09-22 09:12:15,347 [INFO] PluginManage:352 - Loaded plugin pinoutconfig (category:base,tabindex:0)
2022-09-22 09:12:15,347 [INFO] PluginManage:302 - Check plugin power
2022-09-22 09:12:15,361 [INFO] PluginManage:352 - Loaded plugin power (category:power,tabindex:4)
2022-09-22 09:12:15,362 [INFO] PluginManage:302 - Check plugin projectmanager
2022-09-22 09:12:15,382 [INFO] PluginManage:352 - Loaded plugin projectmanager (category:projectmanager,tabindex:3)
2022-09-22 09:12:15,382 [INFO] PluginManage:302 - Check plugin thirdparty
2022-09-22 09:12:15,524 [WARN] IntegrityCheckThread:78 - waiting for thirdparty lock release [integrity check]
2022-09-22 09:12:15,525 [INFO] PluginManage:352 - Loaded plugin thirdparty (category:base,tabindex:-1)
2022-09-22 09:12:15,525 [INFO] IntegrityCheckThread:80 - entering critical section [integrity check]
2022-09-22 09:12:15,525 [INFO] PluginManage:302 - Check plugin tools
2022-09-22 09:12:15,525 [INFO] ThirdPartyUpdaterWithRetryManager:66 - Updater plugin not ready yet. [1/15]
2022-09-22 09:12:15,528 [INFO] PluginManage:352 - Loaded plugin tools (category:base,tabindex:7)
2022-09-22 09:12:15,529 [INFO] PluginManage:302 - Check plugin tutovideos
2022-09-22 09:12:15,768 [INFO] PluginManage:352 - Loaded plugin tutovideos (category:base,tabindex:-1)
2022-09-22 09:12:15,768 [INFO] PluginManage:302 - Check plugin updater
2022-09-22 09:12:15,783 [INFO] PluginManage:352 - Loaded plugin updater (category:base,tabindex:12)
2022-09-22 09:12:15,784 [INFO] PluginManage:275 - PluginManage : Loaded plugins [13]
2022-09-22 09:12:16,025 [INFO] PinOutPanel:1463 - setPackage(No Configuration,No Configuration)
2022-09-22 09:12:16,162 [INFO] IPUIPlugin:74 - create IPUIPlugin
2022-09-22 09:12:16,162 [INFO] PluginManager:213 - loadIPPluginJar : add adc
2022-09-22 09:12:16,166 [INFO] IPUIPlugin:74 - create IPUIPlugin
2022-09-22 09:12:16,167 [INFO] PluginManager:213 - loadIPPluginJar : add aes
2022-09-22 09:12:16,172 [INFO] IPUIPlugin:74 - create IPUIPlugin
2022-09-22 09:12:16,172 [INFO] PluginManager:213 - loadIPPluginJar : add can
2022-09-22 09:12:16,175 [INFO] IPUIPlugin:74 - create IPUIPlugin
2022-09-22 09:12:16,176 [INFO] PluginManager:213 - loadIPPluginJar : add comp
2022-09-22 09:12:16,179 [INFO] IPUIPlugin:74 - create IPUIPlugin
2022-09-22 09:12:16,179 [INFO] PluginManager:213 - loadIPPluginJar : add cryp
2022-09-22 09:12:16,182 [INFO] IPUIPlugin:74 - create IPUIPlugin
2022-09-22 09:12:16,183 [INFO] PluginManager:213 - loadIPPluginJar : add dfsdm
2022-09-22 09:12:16,189 [INFO] IPUIPlugin:74 - create IPUIPlugin
2022-09-22 09:12:16,190 [INFO] PluginManager:213 - loadIPPluginJar : add dma
2022-09-22 09:12:16,193 [INFO] IPUIPlugin:74 - create IPUIPlugin
2022-09-22 09:12:16,193 [INFO] PluginManager:213 - loadIPPluginJar : add dma3
2022-09-22 09:12:16,195 [INFO] IPUIPlugin:74 - create IPUIPlugin
2022-09-22 09:12:16,195 [INFO] PluginManager:213 - loadIPPluginJar : add fatfs
2022-09-22 09:12:16,201 [INFO] IPUIPlugin:74 - create IPUIPlugin
2022-09-22 09:12:16,202 [INFO] PluginManager:213 - loadIPPluginJar : add fmc
2022-09-22 09:12:16,210 [INFO] IPUIPlugin:74 - create IPUIPlugin
2022-09-22 09:12:16,210 [INFO] PluginManager:213 - loadIPPluginJar : add freertos
2022-09-22 09:12:16,212 [INFO] IPUIPlugin:74 - create IPUIPlugin
2022-09-22 09:12:16,212 [INFO] PluginManager:213 - loadIPPluginJar : add genericplugin
2022-09-22 09:12:16,216 [INFO] IPUIPlugin:74 - create IPUIPlugin
2022-09-22 09:12:16,217 [INFO] PluginManager:213 - loadIPPluginJar : add gfxmmu
2022-09-22 09:12:16,223 [INFO] IPUIPlugin:74 - create IPUIPlugin
2022-09-22 09:12:16,224 [INFO] PluginManager:213 - loadIPPluginJar : add gic
2022-09-22 09:12:16,230 [INFO] IPUIPlugin:74 - create IPUIPlugin
2022-09-22 09:12:16,230 [INFO] PluginManager:213 - loadIPPluginJar : add gpio
2022-09-22 09:12:16,233 [INFO] IPUIPlugin:74 - create IPUIPlugin
2022-09-22 09:12:16,233 [INFO] PluginManager:213 - loadIPPluginJar : add gtzc
2022-09-22 09:12:16,240 [INFO] IPUIPlugin:74 - create IPUIPlugin
2022-09-22 09:12:16,240 [INFO] PluginManager:213 - loadIPPluginJar : add hash
2022-09-22 09:12:16,243 [INFO] IPUIPlugin:74 - create IPUIPlugin
2022-09-22 09:12:16,244 [INFO] PluginManager:213 - loadIPPluginJar : add i2c
2022-09-22 09:12:16,247 [INFO] IPUIPlugin:74 - create IPUIPlugin
2022-09-22 09:12:16,247 [INFO] PluginManager:213 - loadIPPluginJar : add i2s
2022-09-22 09:12:16,251 [INFO] IPUIPlugin:74 - create IPUIPlugin
2022-09-22 09:12:16,251 [INFO] PluginManager:213 - loadIPPluginJar : add ipddr
2022-09-22 09:12:16,260 [INFO] IPUIPlugin:74 - create IPUIPlugin
2022-09-22 09:12:16,261 [INFO] PluginManager:213 - loadIPPluginJar : add linkedlist
2022-09-22 09:12:16,265 [INFO] IPUIPlugin:74 - create IPUIPlugin
2022-09-22 09:12:16,266 [INFO] PluginManager:213 - loadIPPluginJar : add lorawan
2022-09-22 09:12:16,268 [INFO] IPUIPlugin:74 - create IPUIPlugin
2022-09-22 09:12:16,268 [INFO] PluginManager:213 - loadIPPluginJar : add ltdc
2022-09-22 09:12:16,273 [INFO] IPUIPlugin:74 - create IPUIPlugin
2022-09-22 09:12:16,273 [INFO] PluginManager:213 - loadIPPluginJar : add mdma
2022-09-22 09:12:16,278 [INFO] IPUIPlugin:74 - create IPUIPlugin
2022-09-22 09:12:16,278 [INFO] PluginManager:213 - loadIPPluginJar : add nvic
2022-09-22 09:12:16,282 [INFO] IPUIPlugin:74 - create IPUIPlugin
2022-09-22 09:12:16,282 [INFO] PluginManager:213 - loadIPPluginJar : add opamp
2022-09-22 09:12:16,286 [INFO] IPUIPlugin:74 - create IPUIPlugin
2022-09-22 09:12:16,286 [INFO] PluginManager:213 - loadIPPluginJar : add openamp
2022-09-22 09:12:16,291 [INFO] IPUIPlugin:74 - create IPUIPlugin
2022-09-22 09:12:16,291 [INFO] PluginManager:213 - loadIPPluginJar : add pdm2pcm
2022-09-22 09:12:16,299 [INFO] IPUIPlugin:74 - create IPUIPlugin
2022-09-22 09:12:16,303 [INFO] PluginManager:213 - loadIPPluginJar : add plateformsettings
2022-09-22 09:12:16,306 [INFO] IPUIPlugin:74 - create IPUIPlugin
2022-09-22 09:12:16,306 [INFO] PluginManager:213 - loadIPPluginJar : add quadspi
2022-09-22 09:12:16,311 [INFO] IPUIPlugin:74 - create IPUIPlugin
2022-09-22 09:12:16,311 [INFO] PluginManager:213 - loadIPPluginJar : add resmgrutility
2022-09-22 09:12:16,315 [INFO] IPUIPlugin:74 - create IPUIPlugin
2022-09-22 09:12:16,316 [INFO] PluginManager:213 - loadIPPluginJar : add sai
2022-09-22 09:12:16,319 [INFO] IPUIPlugin:74 - create IPUIPlugin
2022-09-22 09:12:16,319 [INFO] PluginManager:213 - loadIPPluginJar : add spi
2022-09-22 09:12:16,324 [INFO] IPUIPlugin:74 - create IPUIPlugin
2022-09-22 09:12:16,325 [INFO] PluginManager:213 - loadIPPluginJar : add stm32_wpan
2022-09-22 09:12:16,328 [INFO] IPUIPlugin:74 - create IPUIPlugin
2022-09-22 09:12:16,328 [INFO] PluginManager:213 - loadIPPluginJar : add tim
2022-09-22 09:12:16,332 [INFO] IPUIPlugin:74 - create IPUIPlugin
2022-09-22 09:12:16,332 [INFO] PluginManager:213 - loadIPPluginJar : add touchsensing
2022-09-22 09:12:16,334 [INFO] IPUIPlugin:74 - create IPUIPlugin
2022-09-22 09:12:16,335 [INFO] PluginManager:213 - loadIPPluginJar : add tracer_emb
2022-09-22 09:12:16,337 [INFO] IPUIPlugin:74 - create IPUIPlugin
2022-09-22 09:12:16,337 [INFO] PluginManager:213 - loadIPPluginJar : add ts
2022-09-22 09:12:16,340 [INFO] IPUIPlugin:74 - create IPUIPlugin
2022-09-22 09:12:16,340 [INFO] PluginManager:213 - loadIPPluginJar : add tsc
2022-09-22 09:12:16,343 [INFO] IPUIPlugin:74 - create IPUIPlugin
2022-09-22 09:12:16,343 [INFO] PluginManager:213 - loadIPPluginJar : add ucpd
2022-09-22 09:12:16,346 [INFO] IPUIPlugin:74 - create IPUIPlugin
2022-09-22 09:12:16,347 [INFO] PluginManager:213 - loadIPPluginJar : add usart
2022-09-22 09:12:16,350 [INFO] IPUIPlugin:74 - create IPUIPlugin
2022-09-22 09:12:16,350 [INFO] PluginManager:213 - loadIPPluginJar : add usbx
2022-09-22 09:12:16,709 [FATAL] Updater:294 - Updater called before beeing initialized
2022-09-22 09:12:16,858 [FATAL] Updater:294 - Updater called before beeing initialized
2022-09-22 09:12:16,863 [INFO] DbMcusAds:47 - JSON generation date=Thu Sep 30 13:55:09 ICT 2021 (1632984909247)
2022-09-22 09:12:16,864 [FATAL] Updater:294 - Updater called before beeing initialized
2022-09-22 09:12:16,906 [WARN] DetailPanel:314 - Failed to get advertising image, set to default
2022-09-22 09:12:17,008 [FATAL] Updater:294 - Updater called before beeing initialized
2022-09-22 09:12:17,011 [FATAL] Updater:294 - Updater called before beeing initialized
2022-09-22 09:12:17,011 [FATAL] Updater:294 - Updater called before beeing initialized
2022-09-22 09:12:17,012 [WARN] DetailPanel:314 - Failed to get advertising image, set to default
2022-09-22 09:12:17,013 [FATAL] Updater:294 - Updater called before beeing initialized
2022-09-22 09:12:17,075 [ERROR] Updater:1075 - MainUpdater not yet initialized. External WinMGr cannot be set.
2022-09-22 09:12:17,078 [INFO] Updater:1012 - Updater Version found : 6.3.0
2022-09-22 09:12:17,100 [INFO] ApplicationProperties:181 - Using Application install path: C:\ST\STM32CubeIDE_1.7.0\STM32CubeIDE\plugins\com.st.stm32cube.common.mx_6.3.0.202107141111
2022-09-22 09:12:18,527 [INFO] ThirdPartyUpdaterWithRetryManager:66 - Updater plugin not ready yet. [2/15]
2022-09-22 09:12:21,344 [WARN] ServerAccessManage:1053 - Warning during Server Connexion :  timeout connect timed out
2022-09-22 09:12:21,543 [FATAL] Updater:294 - Updater called before beeing initialized
2022-09-22 09:12:21,545 [ERROR] IntegrityCheckThread:124 - Cannot retrieve database content from updater: error 21
2022-09-22 09:12:21,545 [INFO] ThirdParty:915 - Integrity check success = false
2022-09-22 09:12:21,545 [INFO] IntegrityCheckThread:94 - exiting critical section [integrity check]
2022-09-22 09:12:21,545 [INFO] IntegrityCheckThread:97 - End integrity checks thread
2022-09-22 09:12:23,362 [WARN] ServerAccessManage:1053 - Warning during Server Connexion :  timeout connect timed out
2022-09-22 09:12:27,724 [WARN] ServerAccessManage:1053 - Warning during Server Connexion :  timeout connect timed out
2022-09-22 09:12:29,741 [WARN] ServerAccessManage:1053 - Warning during Server Connexion :  timeout connect timed out
2022-09-22 09:12:29,744 [INFO] MainUpdater:2671 - connection check result : 22
2022-09-22 09:12:29,745 [INFO] MainUpdater:265 - Updater Check For Update Now.
2022-09-22 09:12:29,746 [INFO] MicroXplorer:478 - Change Database Version : DB.6.0.30
2022-09-22 09:12:29,898 [INFO] CheckServerUpdateThread:112 - End of CheckServer Thread
2022-09-22 09:12:29,972 [INFO] MainUpdater:2671 - connection check result : 22
2022-09-22 09:12:29,975 [INFO] MainUpdater:2671 - connection check result : 22
2022-09-22 09:12:38,537 [INFO] MainUpdater:2671 - connection check result : 10
2022-09-22 09:12:38,682 [INFO] MicroXplorer:448 - Change Database Path : 
2022-09-22 09:12:38,682 [INFO] MicroXplorer:478 - Change Database Version : DB.6.0.30
2022-09-22 09:12:38,684 [WARN] ThirdParty:813 - waiting for thirdparty lock release [close project]
2022-09-22 09:12:38,684 [INFO] ThirdParty:815 - entering critical section [close project]
2022-09-22 09:12:38,686 [INFO] ThirdParty:825 - exiting critical section [close project]
2022-09-22 09:12:38,694 [INFO] PinOutPanel:1463 - setPackage(No Configuration,No Configuration)
2022-09-22 09:12:38,695 [INFO] UtilMem:74 - Begin LoadConfig() Used Memory: 138549688 Bytes (268435456)
2022-09-22 09:12:38,700 [INFO] MicroXplorer:448 - Change Database Path : 
2022-09-22 09:12:38,701 [INFO] MicroXplorer:478 - Change Database Version : DB.6.0.30
2022-09-22 09:12:38,701 [INFO] OpenFileManager:313 - Change cursor
2022-09-22 09:12:38,723 [WARN] IntegrityCheckThread:78 - waiting for thirdparty lock release [integrity check]
2022-09-22 09:12:38,723 [INFO] IntegrityCheckThread:80 - entering critical section [integrity check]
2022-09-22 09:12:38,908 [WARN] PackLoader:238 - Cannot read IP mode file for STMicroelectronics.X-CUBE-GNSS1.6.0.0
2022-09-22 09:12:38,938 [WARN] PackLoader:238 - Cannot read IP mode file for STMicroelectronics.X-CUBE-AZRTOS-F4.1.1.0
2022-09-22 09:12:38,962 [WARN] PackLoader:238 - Cannot read IP mode file for STMicroelectronics.X-CUBE-AZRTOS-F7.1.1.0
2022-09-22 09:12:38,972 [WARN] PackLoader:238 - Cannot read IP mode file for STMicroelectronics.X-CUBE-BLE1.6.2.3
2022-09-22 09:12:38,978 [WARN] PackLoader:238 - Cannot read IP mode file for STMicroelectronics.X-CUBE-NFC4.2.0.4
2022-09-22 09:12:38,989 [WARN] PackLoader:238 - Cannot read IP mode file for STMicroelectronics.X-CUBE-TOF1.3.1.0
2022-09-22 09:12:38,998 [WARN] PackLoader:238 - Cannot read IP mode file for wolfSSL.I-CUBE-wolfSSL.5.5.0
2022-09-22 09:12:39,005 [WARN] PackLoader:238 - Cannot read IP mode file for STMicroelectronics.X-CUBE-NFC7.1.0.0
2022-09-22 09:12:39,068 [WARN] PackLoader:238 - Cannot read IP mode file for STMicroelectronics.X-CUBE-MEMS1.9.3.0
2022-09-22 09:12:39,325 [WARN] PackLoader:238 - Cannot read IP mode file for STMicroelectronics.X-CUBE-AI.7.2.0
2022-09-22 09:12:39,335 [WARN] PackLoader:238 - Cannot read IP mode file for STMicroelectronics.X-CUBE-SFXS2LP1.4.0.0
2022-09-22 09:12:39,345 [WARN] PackLoader:238 - Cannot read IP mode file for STMicroelectronics.X-CUBE-BLE2.3.3.0
2022-09-22 09:12:39,360 [WARN] PackLoader:238 - Cannot read IP mode file for STMicroelectronics.X-CUBE-DISPLAY.2.2.0
2022-09-22 09:12:39,370 [WARN] PackLoader:238 - Cannot read IP mode file for STMicroelectronics.X-CUBE-ISPU.1.0.0
2022-09-22 09:12:39,381 [WARN] PackLoader:238 - Cannot read IP mode file for RoweBots.I-CUBE-UNISONRTOS.5.5.0-4
2022-09-22 09:12:39,413 [WARN] PackLoader:238 - Cannot read IP mode file for STMicroelectronics.X-CUBE-AZRTOS-H7.2.1.0
2022-09-22 09:12:39,428 [WARN] PackLoader:238 - Cannot read IP mode file for STMicroelectronics.X-CUBE-BLEMGR.1.0.0
2022-09-22 09:12:39,438 [WARN] PackLoader:238 - Cannot read IP mode file for STMicroelectronics.X-CUBE-ALGOBUILD.1.3.0
2022-09-22 09:12:39,456 [WARN] PackLoader:238 - Cannot read IP mode file for STMicroelectronics.X-CUBE-AZRTOS-G0.1.1.0
2022-09-22 09:12:39,467 [WARN] PackLoader:238 - Cannot read IP mode file for STMicroelectronics.X-CUBE-SUBG2.5.0.0
2022-09-22 09:12:39,522 [WARN] PackLoader:238 - Cannot read IP mode file for SEGGER.I-CUBE-embOS.1.2.0
2022-09-22 09:12:39,575 [WARN] PackLoader:238 - Cannot read IP mode file for STMicroelectronics.FP-ATR-ASTRA1.1.1.1
2022-09-22 09:12:39,595 [WARN] PackLoader:238 - Cannot read IP mode file for STMicroelectronics.X-CUBE-AZRTOS-G4.1.0.0
2022-09-22 09:12:39,620 [WARN] PackLoader:238 - Cannot read IP mode file for STMicroelectronics.X-CUBE-AZRTOS-L4.1.0.0
2022-09-22 09:12:39,631 [WARN] PackLoader:238 - Cannot read IP mode file for emotas.I-CUBE-CANOPEN.1.1.2
2022-09-22 09:12:39,636 [WARN] PackLoader:238 - Cannot read IP mode file for STMicroelectronics.X-CUBE-TOUCHGFX.4.20.0
2022-09-22 09:12:39,657 [WARN] PackLoader:238 - Cannot read IP mode file for STMicroelectronics.X-CUBE-AZRTOS-WL.1.0.0
2022-09-22 09:12:39,686 [WARN] PackLoader:238 - Cannot read IP mode file for portGmbH.I-Cube-SoM-uGOAL.1.1.0
2022-09-22 09:12:39,690 [WARN] PackLoader:238 - Cannot read IP mode file for STMicroelectronics.X-CUBE-ALS.1.0.1
2022-09-22 09:12:39,706 [WARN] PackLoader:238 - Cannot read IP mode file for STMicroelectronics.X-CUBE-AZRTOS-L5.1.0.0
2022-09-22 09:12:39,714 [WARN] PackLoader:238 - Cannot read IP mode file for STMicroelectronics.X-CUBE-EEPRMA1.3.1.1
2022-09-22 09:12:39,716 [INFO] ThirdParty:915 - Integrity check success = true
2022-09-22 09:12:39,716 [INFO] IntegrityCheckThread:94 - exiting critical section [integrity check]
2022-09-22 09:12:39,716 [INFO] IntegrityCheckThread:97 - End integrity checks thread
2022-09-22 09:12:40,436 [INFO] Context:592 - Trying to add GPIOservice into a context  which must be forbidden
2022-09-22 09:12:40,716 [WARN] ApiManager:304 - Cannot register API 'Board Extension:GNSS1A1' from pack STMicroelectronics.X-CUBE-GNSS1.6.0.0: no header file found
2022-09-22 09:12:40,717 [WARN] ApiManager:304 - Cannot register API 'Board Support:Custom' from pack STMicroelectronics.X-CUBE-GNSS1.6.0.0: no header file found
2022-09-22 09:12:40,717 [WARN] ApiManager:304 - Cannot register API 'Data Exchange:lib_gnss' from pack STMicroelectronics.X-CUBE-GNSS1.6.0.0: no header file found
2022-09-22 09:12:40,729 [WARN] ModelIntegratedComponent:60 - No mode defined for component null
2022-09-22 09:12:40,730 [WARN] ModelIntegratedComponent:60 - No mode defined for component null
2022-09-22 09:12:40,730 [WARN] ModelIntegratedComponent:60 - No mode defined for component null
2022-09-22 09:12:40,730 [WARN] ModelIntegratedComponent:60 - No mode defined for component null
2022-09-22 09:12:40,730 [WARN] ModelIntegratedComponent:60 - No mode defined for component null
2022-09-22 09:12:40,730 [WARN] ModelIntegratedComponent:60 - No mode defined for component null
2022-09-22 09:12:40,730 [WARN] ModelIntegratedComponent:60 - No mode defined for component null
2022-09-22 09:12:40,730 [WARN] ModelIntegratedComponent:60 - No mode defined for component null
2022-09-22 09:12:40,730 [WARN] ModelIntegratedComponent:60 - No mode defined for component null
2022-09-22 09:12:40,730 [WARN] ModelIntegratedComponent:60 - No mode defined for component null
2022-09-22 09:12:40,730 [WARN] ModelIntegratedComponent:60 - No mode defined for component null
2022-09-22 09:12:40,730 [WARN] ModelIntegratedComponent:60 - No mode defined for component null
2022-09-22 09:12:40,730 [WARN] ModelIntegratedComponent:60 - No mode defined for component null
2022-09-22 09:12:40,730 [WARN] ModelIntegratedComponent:60 - No mode defined for component null
2022-09-22 09:12:40,731 [WARN] ModelIntegratedComponent:60 - No mode defined for component null
2022-09-22 09:12:40,731 [WARN] ModelIntegratedComponent:60 - No mode defined for component null
2022-09-22 09:12:40,731 [WARN] ModelIntegratedComponent:60 - No mode defined for component null
2022-09-22 09:12:40,731 [WARN] ModelIntegratedComponent:60 - No mode defined for component null
2022-09-22 09:12:40,731 [WARN] ModelIntegratedComponent:60 - No mode defined for component null
2022-09-22 09:12:40,731 [WARN] ModelIntegratedComponent:60 - No mode defined for component null
2022-09-22 09:12:40,731 [WARN] ModelIntegratedComponent:60 - No mode defined for component null
2022-09-22 09:12:40,731 [WARN] ModelIntegratedComponent:60 - No mode defined for component null
2022-09-22 09:12:40,731 [WARN] ModelIntegratedComponent:60 - No mode defined for component null
2022-09-22 09:12:40,731 [WARN] ModelIntegratedComponent:60 - No mode defined for component null
2022-09-22 09:12:40,731 [WARN] ModelIntegratedComponent:60 - No mode defined for component null
2022-09-22 09:12:40,731 [WARN] ModelIntegratedComponent:60 - No mode defined for component null
2022-09-22 09:12:40,731 [WARN] ModelIntegratedComponent:60 - No mode defined for component null
2022-09-22 09:12:40,731 [WARN] ModelIntegratedComponent:60 - No mode defined for component null
2022-09-22 09:12:40,731 [WARN] ModelIntegratedComponent:60 - No mode defined for component null
2022-09-22 09:12:40,731 [WARN] ModelIntegratedComponent:60 - No mode defined for component null
2022-09-22 09:12:40,732 [WARN] ModelIntegratedComponent:60 - No mode defined for component null
2022-09-22 09:12:40,734 [WARN] ApiManager:304 - Cannot register API 'Board Extension:NFC07A1' from pack STMicroelectronics.X-CUBE-NFC7.1.0.0: no header file found
2022-09-22 09:12:40,924 [WARN] ApiManager:304 - Cannot register API 'Board Extension:IKS01A3' from pack STMicroelectronics.X-CUBE-MEMS1.9.3.0: no header file found
2022-09-22 09:12:40,924 [WARN] ApiManager:304 - Cannot register API 'Board Extension:IKS01A2' from pack STMicroelectronics.X-CUBE-MEMS1.9.3.0: no header file found
2022-09-22 09:12:40,924 [WARN] ApiManager:304 - Cannot register API 'Board Extension:IKS02A1' from pack STMicroelectronics.X-CUBE-MEMS1.9.3.0: no header file found
2022-09-22 09:12:40,937 [WARN] ApiManager:304 - Cannot register API 'Wireless:BlueNRG-MS' from pack STMicroelectronics.X-CUBE-BLE1.6.2.3: no header file found
2022-09-22 09:12:40,941 [INFO] RtosManager:484 - Registered RTOS mode: class=CMSIS, group=RTOS, mode=CMSIS_V1, owner=FREERTOS
2022-09-22 09:12:40,941 [INFO] RtosManager:484 - Registered RTOS mode: class=CMSIS, group=RTOS2, mode=CMSIS_V2, owner=FREERTOS
2022-09-22 09:12:40,941 [INFO] RtosManager:484 - Registered RTOS mode: class=RTOS, group=Core, mode=CMSIS_V1, owner=FREERTOS
2022-09-22 09:12:40,941 [INFO] RtosManager:484 - Registered RTOS mode: class=RTOS, group=Core, mode=CMSIS_V2, owner=FREERTOS
2022-09-22 09:12:40,941 [WARN] ModelIntegratedComponent:181 - Missing modes for component STMicroelectronics:FreeRTOS:0.0.1:STMicroelectronics:RTOS:FreeRTOS:Core:::10.2.0:
2022-09-22 09:12:40,947 [WARN] ApiManager:304 - Cannot register API 'Board Extension:S2868A1' from pack STMicroelectronics.X-CUBE-SUBG2.5.0.0: no header file found
2022-09-22 09:12:40,947 [WARN] ApiManager:304 - Cannot register API 'Board Extension:S2868A2' from pack STMicroelectronics.X-CUBE-SUBG2.5.0.0: no header file found
2022-09-22 09:12:40,947 [WARN] ApiManager:304 - Cannot register API 'Board Extension:S2915A1' from pack STMicroelectronics.X-CUBE-SUBG2.5.0.0: no header file found
2022-09-22 09:12:40,952 [WARN] ApiManager:304 - Cannot register API 'Board Extension:EEPRMA1' from pack STMicroelectronics.X-CUBE-EEPRMA1.3.1.1: no header file found
2022-09-22 09:12:40,952 [WARN] ApiManager:304 - Cannot register API 'Board Extension:EEPRMA2' from pack STMicroelectronics.X-CUBE-EEPRMA1.3.1.1: no header file found
2022-09-22 09:12:40,963 [WARN] ApiManager:304 - Cannot register API 'Board Extension:S2868A1' from pack STMicroelectronics.X-CUBE-SFXS2LP1.4.0.0: no header file found
2022-09-22 09:12:40,964 [WARN] ApiManager:304 - Cannot register API 'Board Extension:S2868A2' from pack STMicroelectronics.X-CUBE-SFXS2LP1.4.0.0: no header file found
2022-09-22 09:12:40,964 [WARN] ApiManager:304 - Cannot register API 'Board Extension:S2915A1' from pack STMicroelectronics.X-CUBE-SFXS2LP1.4.0.0: no header file found
2022-09-22 09:12:40,966 [WARN] ApiManager:304 - Cannot register API 'Wireless:BlueNRG-2' from pack STMicroelectronics.X-CUBE-BLE2.3.3.0: no header file found
2022-09-22 09:12:40,966 [WARN] ApiManager:304 - Cannot register API 'Board Extension:NFC04A1' from pack STMicroelectronics.X-CUBE-NFC4.2.0.4: no header file found
2022-09-22 09:12:42,328 [INFO] UtilMem:74 - End LoadConfig() Used Memory: 225794528 Bytes (352321536)
2022-09-22 09:12:42,331 [INFO] DbMcusXml:100 - Load MCU database from C:\ST\STM32CubeIDE_1.7.0\STM32CubeIDE\plugins\com.st.stm32cube.common.mx_6.3.0.202107141111\\db\/mcu/families.xml
2022-09-22 09:12:43,181 [INFO] DbMcusJson:93 - JSON generation date=Tue Nov 16 23:17:54 ICT 2021 (1637079474)
2022-09-22 09:12:44,197 [INFO] DbMcus:175 - Found 1951 MCUs (1903 are supported by CubeMX, 1914 are visible in CubeMX)
2022-09-22 09:12:44,199 [INFO] ApiDb:251 - Load user favorites file C:\Users\HP/.stm32cubeide/favorites.mcus.txt: 0 item(s)
2022-09-22 09:12:44,199 [INFO] ApiDb:255 - User favorites MCUs=[]
2022-09-22 09:12:44,200 [INFO] DbMcus:187 - Set 0 / 0 favorites MCUs
2022-09-22 09:12:44,205 [WARN] ThirdParty:779 - waiting for thirdparty lock release [change project]
2022-09-22 09:12:44,205 [INFO] ThirdParty:781 - entering critical section [change project]
2022-09-22 09:12:44,205 [INFO] ThirdParty:967 - CMSIS Pack Vendor :RoweBots I-CUBE-UNISONRTOS 5.5.0-4
2022-09-22 09:12:44,205 [INFO] ThirdParty:967 - CMSIS Pack Vendor :STMicroelectronics X-CUBE-GNSS1 6.0.0
2022-09-22 09:12:44,205 [INFO] ThirdParty:967 - CMSIS Pack Vendor :STMicroelectronics X-CUBE-AZRTOS-H7 2.1.0
2022-09-22 09:12:44,205 [INFO] ThirdParty:967 - CMSIS Pack Vendor :STMicroelectronics USB_HOST 2.0.0
2022-09-22 09:12:44,205 [INFO] ThirdParty:967 - CMSIS Pack Vendor :STMicroelectronics X-CUBE-AZRTOS-F4 1.1.0
2022-09-22 09:12:44,206 [INFO] ThirdParty:967 - CMSIS Pack Vendor :STMicroelectronics X-CUBE-AZRTOS-G4 1.0.0
2022-09-22 09:12:44,206 [INFO] ThirdParty:967 - CMSIS Pack Vendor :STMicroelectronics X-CUBE-AZRTOS-L4 1.0.0
2022-09-22 09:12:44,206 [INFO] ThirdParty:967 - CMSIS Pack Vendor :STMicroelectronics USB_DEVICE 3.0.0
2022-09-22 09:12:44,206 [INFO] ThirdParty:967 - CMSIS Pack Vendor :wolfSSL I-CUBE-wolfSSL 5.5.0
2022-09-22 09:12:44,206 [INFO] ThirdParty:967 - CMSIS Pack Vendor :STMicroelectronics HAL Drivers 0.0.0
2022-09-22 09:12:44,206 [INFO] ThirdParty:967 - CMSIS Pack Vendor :STMicroelectronics MBEDTLS 2.16.2
2022-09-22 09:12:44,206 [INFO] ThirdParty:967 - CMSIS Pack Vendor :emotas I-CUBE-CANOPEN 1.1.2
2022-09-22 09:12:44,206 [INFO] ThirdParty:967 - CMSIS Pack Vendor :STMicroelectronics X-CUBE-TOUCHGFX 4.20.0
2022-09-22 09:12:44,206 [INFO] ThirdParty:967 - CMSIS Pack Vendor :STMicroelectronics MBEDTLS 2.14.1
2022-09-22 09:12:44,206 [INFO] ThirdParty:967 - CMSIS Pack Vendor :STMicroelectronics X-CUBE-NFC7 1.0.0
2022-09-22 09:12:44,206 [INFO] ThirdParty:967 - CMSIS Pack Vendor :STMicroelectronics X-CUBE-BLEMGR 1.0.0
2022-09-22 09:12:44,206 [INFO] ThirdParty:967 - CMSIS Pack Vendor :STMicroelectronics X-CUBE-AZRTOS-WL 1.0.0
2022-09-22 09:12:44,207 [INFO] ThirdParty:967 - CMSIS Pack Vendor :STMicroelectronics X-CUBE-AZRTOS-F7 1.1.0
2022-09-22 09:12:44,207 [INFO] ThirdParty:967 - CMSIS Pack Vendor :STMicroelectronics X-CUBE-MEMS1 9.3.0
2022-09-22 09:12:44,207 [INFO] ThirdParty:967 - CMSIS Pack Vendor :portGmbH I-Cube-SoM-uGOAL 1.1.0
2022-09-22 09:12:44,207 [INFO] ThirdParty:967 - CMSIS Pack Vendor :STMicroelectronics X-CUBE-ALS 1.0.1
2022-09-22 09:12:44,207 [INFO] ThirdParty:967 - CMSIS Pack Vendor :STMicroelectronics USB_DEVICE 2.0.0
2022-09-22 09:12:44,207 [INFO] ThirdParty:967 - CMSIS Pack Vendor :STMicroelectronics X-CUBE-AI 7.2.0
2022-09-22 09:12:44,207 [INFO] ThirdParty:967 - CMSIS Pack Vendor :STMicroelectronics X-CUBE-BLE1 6.2.3
2022-09-22 09:12:44,207 [INFO] ThirdParty:967 - CMSIS Pack Vendor :STMicroelectronics X-CUBE-ALGOBUILD 1.3.0
2022-09-22 09:12:44,207 [INFO] ThirdParty:967 - CMSIS Pack Vendor :STMicroelectronics X-CUBE-AZRTOS-L5 1.0.0
2022-09-22 09:12:44,207 [INFO] ThirdParty:967 - CMSIS Pack Vendor :STMicroelectronics FreeRTOS 0.0.1
2022-09-22 09:12:44,207 [INFO] ThirdParty:967 - CMSIS Pack Vendor :STMicroelectronics X-CUBE-AZRTOS-G0 1.1.0
2022-09-22 09:12:44,208 [INFO] ThirdParty:967 - CMSIS Pack Vendor :STMicroelectronics USB_DEVICE 1.0.0
2022-09-22 09:12:44,208 [INFO] ThirdParty:967 - CMSIS Pack Vendor :STMicroelectronics X-CUBE-SUBG2 5.0.0
2022-09-22 09:12:44,208 [INFO] ThirdParty:967 - CMSIS Pack Vendor :SEGGER I-CUBE-embOS 1.2.0
2022-09-22 09:12:44,208 [INFO] ThirdParty:967 - CMSIS Pack Vendor :STMicroelectronics X-CUBE-EEPRMA1 3.1.1
2022-09-22 09:12:44,208 [INFO] ThirdParty:967 - CMSIS Pack Vendor :STMicroelectronics ThreadX 0.0.2
2022-09-22 09:12:44,208 [INFO] ThirdParty:967 - CMSIS Pack Vendor :STMicroelectronics lwIP 2.0.3
2022-09-22 09:12:44,208 [INFO] ThirdParty:967 - CMSIS Pack Vendor :STMicroelectronics lwIP 2.1.2
2022-09-22 09:12:44,208 [INFO] ThirdParty:967 - CMSIS Pack Vendor :STMicroelectronics X-CUBE-SFXS2LP1 4.0.0
2022-09-22 09:12:44,208 [INFO] ThirdParty:967 - CMSIS Pack Vendor :STMicroelectronics X-CUBE-BLE2 3.3.0
2022-09-22 09:12:44,208 [INFO] ThirdParty:967 - CMSIS Pack Vendor :STMicroelectronics X-CUBE-NFC4 2.0.4
2022-09-22 09:12:44,208 [INFO] ThirdParty:967 - CMSIS Pack Vendor :STMicroelectronics USB_HOST 1.0.0
2022-09-22 09:12:44,209 [INFO] ThirdParty:967 - CMSIS Pack Vendor :STMicroelectronics X-CUBE-DISPLAY 2.2.0
2022-09-22 09:12:44,209 [INFO] ThirdParty:967 - CMSIS Pack Vendor :STMicroelectronics PDM2PCM 3.1.0
2022-09-22 09:12:44,209 [INFO] ThirdParty:967 - CMSIS Pack Vendor :STMicroelectronics FP-ATR-ASTRA1 1.1.1
2022-09-22 09:12:44,209 [INFO] ThirdParty:967 - CMSIS Pack Vendor :STMicroelectronics PDM2PCM 3.2.0
2022-09-22 09:12:44,209 [INFO] ThirdParty:967 - CMSIS Pack Vendor :STMicroelectronics PDM2PCM 3.3.0
2022-09-22 09:12:44,209 [INFO] ThirdParty:967 - CMSIS Pack Vendor :STMicroelectronics X-CUBE-TOF1 3.1.0
2022-09-22 09:12:44,209 [INFO] ThirdParty:967 - CMSIS Pack Vendor :STMicroelectronics X-CUBE-ISPU 1.0.0
2022-09-22 09:12:44,209 [INFO] ThirdParty:787 - exiting critical section [change project]
2022-09-22 09:12:44,669 [INFO] PinOutPanel:1463 - setPackage(No Configuration,No Configuration)
2022-09-22 09:12:44,671 [INFO] PinOutPanel:1463 - setPackage(STM32F103C6Ux,UFQFPN48)
2022-09-22 09:12:45,140 [INFO] UtilMem:74 - Before build in PCC Used Memory: 324534272 Bytes (578813952)
2022-09-22 09:12:45,912 [INFO] UtilMem:74 - After build in PCC Used Memory: 403177472 Bytes (578813952)
2022-09-22 09:12:45,952 [INFO] IPUIPlugin:74 - create IPUIPlugin
2022-09-22 09:12:45,952 [INFO] IPUIPlugin:74 - create IPUIPlugin
2022-09-22 09:12:45,952 [INFO] IPUIPlugin:74 - create IPUIPlugin
2022-09-22 09:12:45,953 [INFO] IPUIPlugin:74 - create IPUIPlugin
2022-09-22 09:12:45,953 [INFO] IPUIPlugin:74 - create IPUIPlugin
2022-09-22 09:12:45,953 [INFO] IPUIPlugin:74 - create IPUIPlugin
2022-09-22 09:12:45,953 [INFO] IPUIPlugin:74 - create IPUIPlugin
2022-09-22 09:12:45,953 [INFO] IPUIPlugin:74 - create IPUIPlugin
2022-09-22 09:12:45,953 [INFO] IPUIPlugin:74 - create IPUIPlugin
2022-09-22 09:12:45,953 [INFO] IPUIPlugin:74 - create IPUIPlugin
2022-09-22 09:12:45,954 [INFO] IPUIPlugin:74 - create IPUIPlugin
2022-09-22 09:12:45,954 [INFO] IPUIPlugin:74 - create IPUIPlugin
2022-09-22 09:12:45,954 [INFO] IPUIPlugin:74 - create IPUIPlugin
2022-09-22 09:12:45,954 [INFO] IPUIPlugin:74 - create IPUIPlugin
2022-09-22 09:12:45,955 [INFO] IPUIPlugin:74 - create IPUIPlugin
2022-09-22 09:12:45,955 [INFO] IPUIPlugin:74 - create IPUIPlugin
2022-09-22 09:12:45,955 [INFO] IPUIPlugin:74 - create IPUIPlugin
2022-09-22 09:12:45,955 [INFO] IPUIPlugin:74 - create IPUIPlugin
2022-09-22 09:12:45,956 [INFO] IPUIPlugin:74 - create IPUIPlugin
2022-09-22 09:12:45,956 [INFO] IPUIPlugin:74 - create IPUIPlugin
2022-09-22 09:12:45,957 [INFO] IPUIPlugin:74 - create IPUIPlugin
2022-09-22 09:12:45,957 [INFO] IPUIPlugin:74 - create IPUIPlugin
2022-09-22 09:12:45,958 [INFO] IPUIPlugin:74 - create IPUIPlugin
2022-09-22 09:12:46,137 [INFO] OpenFileManager:333 - Restore cursor
